<?xml version="1.0" encoding="UTF-8"?>
<testsuite xmlns:xsi="http://www.w3.org/2001/XMLSchema-instance" xsi:noNamespaceSchemaLocation="https://maven.apache.org/surefire/maven-surefire-plugin/xsd/surefire-test-report.xsd" version="3.0.2" name="com.kaka.LogTest" time="0.205" tests="1" errors="0" skipped="0" failures="0">
  <properties>
    <property name="java.specification.version" value="21"/>
    <property name="sun.cpu.isalist" value="amd64"/>
    <property name="sun.jnu.encoding" value="GBK"/>
    <property name="java.class.path" value="C:\Users\18160\Desktop\management\target\test-classes;C:\Users\18160\Desktop\management\target\classes;E:\devApp\apache-maven-3.9.10\mvn_repo\org\springframework\boot\spring-boot-starter-aop\3.4.7\spring-boot-starter-aop-3.4.7.jar;E:\devApp\apache-maven-3.9.10\mvn_repo\org\springframework\boot\spring-boot-starter\3.4.7\spring-boot-starter-3.4.7.jar;E:\devApp\apache-maven-3.9.10\mvn_repo\org\springframework\boot\spring-boot\3.4.7\spring-boot-3.4.7.jar;E:\devApp\apache-maven-3.9.10\mvn_repo\org\springframework\boot\spring-boot-autoconfigure\3.4.7\spring-boot-autoconfigure-3.4.7.jar;E:\devApp\apache-maven-3.9.10\mvn_repo\org\springframework\boot\spring-boot-starter-logging\3.4.7\spring-boot-starter-logging-3.4.7.jar;E:\devApp\apache-maven-3.9.10\mvn_repo\ch\qos\logback\logback-classic\1.5.18\logback-classic-1.5.18.jar;E:\devApp\apache-maven-3.9.10\mvn_repo\ch\qos\logback\logback-core\1.5.18\logback-core-1.5.18.jar;E:\devApp\apache-maven-3.9.10\mvn_repo\org\apache\logging\log4j\log4j-to-slf4j\2.24.3\log4j-to-slf4j-2.24.3.jar;E:\devApp\apache-maven-3.9.10\mvn_repo\org\apache\logging\log4j\log4j-api\2.24.3\log4j-api-2.24.3.jar;E:\devApp\apache-maven-3.9.10\mvn_repo\org\slf4j\jul-to-slf4j\2.0.17\jul-to-slf4j-2.0.17.jar;E:\devApp\apache-maven-3.9.10\mvn_repo\jakarta\annotation\jakarta.annotation-api\2.1.1\jakarta.annotation-api-2.1.1.jar;E:\devApp\apache-maven-3.9.10\mvn_repo\org\yaml\snakeyaml\2.3\snakeyaml-2.3.jar;E:\devApp\apache-maven-3.9.10\mvn_repo\org\springframework\spring-aop\6.2.8\spring-aop-6.2.8.jar;E:\devApp\apache-maven-3.9.10\mvn_repo\org\springframework\spring-beans\6.2.8\spring-beans-6.2.8.jar;E:\devApp\apache-maven-3.9.10\mvn_repo\org\aspectj\aspectjweaver\1.9.24\aspectjweaver-1.9.24.jar;E:\devApp\apache-maven-3.9.10\mvn_repo\io\jsonwebtoken\jjwt\0.9.1\jjwt-0.9.1.jar;E:\devApp\apache-maven-3.9.10\mvn_repo\com\fasterxml\jackson\core\jackson-databind\2.18.4\jackson-databind-2.18.4.jar;E:\devApp\apache-maven-3.9.10\mvn_repo\com\fasterxml\jackson\core\jackson-annotations\2.18.4\jackson-annotations-2.18.4.jar;E:\devApp\apache-maven-3.9.10\mvn_repo\com\fasterxml\jackson\core\jackson-core\2.18.4.1\jackson-core-2.18.4.1.jar;E:\devApp\apache-maven-3.9.10\mvn_repo\com\aliyun\oss\aliyun-sdk-oss\3.17.4\aliyun-sdk-oss-3.17.4.jar;E:\devApp\apache-maven-3.9.10\mvn_repo\org\apache\httpcomponents\httpclient\4.5.13\httpclient-4.5.13.jar;E:\devApp\apache-maven-3.9.10\mvn_repo\org\apache\httpcomponents\httpcore\4.4.16\httpcore-4.4.16.jar;E:\devApp\apache-maven-3.9.10\mvn_repo\commons-logging\commons-logging\1.2\commons-logging-1.2.jar;E:\devApp\apache-maven-3.9.10\mvn_repo\commons-codec\commons-codec\1.17.2\commons-codec-1.17.2.jar;E:\devApp\apache-maven-3.9.10\mvn_repo\org\jdom\jdom2\2.0.6.1\jdom2-2.0.6.1.jar;E:\devApp\apache-maven-3.9.10\mvn_repo\org\codehaus\jettison\jettison\1.5.4\jettison-1.5.4.jar;E:\devApp\apache-maven-3.9.10\mvn_repo\com\aliyun\aliyun-java-sdk-core\4.5.10\aliyun-java-sdk-core-4.5.10.jar;E:\devApp\apache-maven-3.9.10\mvn_repo\com\google\code\gson\gson\2.11.0\gson-2.11.0.jar;E:\devApp\apache-maven-3.9.10\mvn_repo\com\google\errorprone\error_prone_annotations\2.27.0\error_prone_annotations-2.27.0.jar;E:\devApp\apache-maven-3.9.10\mvn_repo\org\jacoco\org.jacoco.agent\0.8.5\org.jacoco.agent-0.8.5-runtime.jar;E:\devApp\apache-maven-3.9.10\mvn_repo\org\ini4j\ini4j\0.5.4\ini4j-0.5.4.jar;E:\devApp\apache-maven-3.9.10\mvn_repo\org\slf4j\slf4j-api\2.0.17\slf4j-api-2.0.17.jar;E:\devApp\apache-maven-3.9.10\mvn_repo\io\opentracing\opentracing-api\0.33.0\opentracing-api-0.33.0.jar;E:\devApp\apache-maven-3.9.10\mvn_repo\io\opentracing\opentracing-util\0.33.0\opentracing-util-0.33.0.jar;E:\devApp\apache-maven-3.9.10\mvn_repo\io\opentracing\opentracing-noop\0.33.0\opentracing-noop-0.33.0.jar;E:\devApp\apache-maven-3.9.10\mvn_repo\com\aliyun\aliyun-java-sdk-ram\3.1.0\aliyun-java-sdk-ram-3.1.0.jar;E:\devApp\apache-maven-3.9.10\mvn_repo\com\aliyun\aliyun-java-sdk-kms\2.11.0\aliyun-java-sdk-kms-2.11.0.jar;E:\devApp\apache-maven-3.9.10\mvn_repo\javax\xml\bind\jaxb-api\2.3.1\jaxb-api-2.3.1.jar;E:\devApp\apache-maven-3.9.10\mvn_repo\javax\activation\javax.activation-api\1.2.0\javax.activation-api-1.2.0.jar;E:\devApp\apache-maven-3.9.10\mvn_repo\javax\activation\activation\1.1.1\activation-1.1.1.jar;E:\devApp\apache-maven-3.9.10\mvn_repo\org\glassfish\jaxb\jaxb-runtime\2.3.3\jaxb-runtime-2.3.3.jar;E:\devApp\apache-maven-3.9.10\mvn_repo\jakarta\xml\bind\jakarta.xml.bind-api\4.0.2\jakarta.xml.bind-api-4.0.2.jar;E:\devApp\apache-maven-3.9.10\mvn_repo\org\glassfish\jaxb\txw2\4.0.5\txw2-4.0.5.jar;E:\devApp\apache-maven-3.9.10\mvn_repo\com\sun\istack\istack-commons-runtime\4.1.2\istack-commons-runtime-4.1.2.jar;E:\devApp\apache-maven-3.9.10\mvn_repo\com\sun\activation\jakarta.activation\1.2.2\jakarta.activation-1.2.2.jar;E:\devApp\apache-maven-3.9.10\mvn_repo\com\github\pagehelper\pagehelper-spring-boot-starter\1.4.7\pagehelper-spring-boot-starter-1.4.7.jar;E:\devApp\apache-maven-3.9.10\mvn_repo\com\github\pagehelper\pagehelper-spring-boot-autoconfigure\1.4.7\pagehelper-spring-boot-autoconfigure-1.4.7.jar;E:\devApp\apache-maven-3.9.10\mvn_repo\com\github\pagehelper\pagehelper\5.3.3\pagehelper-5.3.3.jar;E:\devApp\apache-maven-3.9.10\mvn_repo\com\github\jsqlparser\jsqlparser\4.5\jsqlparser-4.5.jar;E:\devApp\apache-maven-3.9.10\mvn_repo\org\springframework\boot\spring-boot-starter-web\3.4.7\spring-boot-starter-web-3.4.7.jar;E:\devApp\apache-maven-3.9.10\mvn_repo\org\springframework\boot\spring-boot-starter-json\3.4.7\spring-boot-starter-json-3.4.7.jar;E:\devApp\apache-maven-3.9.10\mvn_repo\com\fasterxml\jackson\datatype\jackson-datatype-jdk8\2.18.4\jackson-datatype-jdk8-2.18.4.jar;E:\devApp\apache-maven-3.9.10\mvn_repo\com\fasterxml\jackson\datatype\jackson-datatype-jsr310\2.18.4\jackson-datatype-jsr310-2.18.4.jar;E:\devApp\apache-maven-3.9.10\mvn_repo\com\fasterxml\jackson\module\jackson-module-parameter-names\2.18.4\jackson-module-parameter-names-2.18.4.jar;E:\devApp\apache-maven-3.9.10\mvn_repo\org\springframework\boot\spring-boot-starter-tomcat\3.4.7\spring-boot-starter-tomcat-3.4.7.jar;E:\devApp\apache-maven-3.9.10\mvn_repo\org\apache\tomcat\embed\tomcat-embed-core\10.1.42\tomcat-embed-core-10.1.42.jar;E:\devApp\apache-maven-3.9.10\mvn_repo\org\apache\tomcat\embed\tomcat-embed-el\10.1.42\tomcat-embed-el-10.1.42.jar;E:\devApp\apache-maven-3.9.10\mvn_repo\org\apache\tomcat\embed\tomcat-embed-websocket\10.1.42\tomcat-embed-websocket-10.1.42.jar;E:\devApp\apache-maven-3.9.10\mvn_repo\org\springframework\spring-web\6.2.8\spring-web-6.2.8.jar;E:\devApp\apache-maven-3.9.10\mvn_repo\io\micrometer\micrometer-observation\1.14.8\micrometer-observation-1.14.8.jar;E:\devApp\apache-maven-3.9.10\mvn_repo\io\micrometer\micrometer-commons\1.14.8\micrometer-commons-1.14.8.jar;E:\devApp\apache-maven-3.9.10\mvn_repo\org\springframework\spring-webmvc\6.2.8\spring-webmvc-6.2.8.jar;E:\devApp\apache-maven-3.9.10\mvn_repo\org\springframework\spring-context\6.2.8\spring-context-6.2.8.jar;E:\devApp\apache-maven-3.9.10\mvn_repo\org\springframework\spring-expression\6.2.8\spring-expression-6.2.8.jar;E:\devApp\apache-maven-3.9.10\mvn_repo\org\mybatis\spring\boot\mybatis-spring-boot-starter\3.0.4\mybatis-spring-boot-starter-3.0.4.jar;E:\devApp\apache-maven-3.9.10\mvn_repo\org\springframework\boot\spring-boot-starter-jdbc\3.4.7\spring-boot-starter-jdbc-3.4.7.jar;E:\devApp\apache-maven-3.9.10\mvn_repo\com\zaxxer\HikariCP\5.1.0\HikariCP-5.1.0.jar;E:\devApp\apache-maven-3.9.10\mvn_repo\org\springframework\spring-jdbc\6.2.8\spring-jdbc-6.2.8.jar;E:\devApp\apache-maven-3.9.10\mvn_repo\org\mybatis\spring\boot\mybatis-spring-boot-autoconfigure\3.0.4\mybatis-spring-boot-autoconfigure-3.0.4.jar;E:\devApp\apache-maven-3.9.10\mvn_repo\org\mybatis\mybatis\3.5.17\mybatis-3.5.17.jar;E:\devApp\apache-maven-3.9.10\mvn_repo\org\mybatis\mybatis-spring\3.0.4\mybatis-spring-3.0.4.jar;E:\devApp\apache-maven-3.9.10\mvn_repo\com\mysql\mysql-connector-j\9.1.0\mysql-connector-j-9.1.0.jar;E:\devApp\apache-maven-3.9.10\mvn_repo\org\projectlombok\lombok\1.18.38\lombok-1.18.38.jar;E:\devApp\apache-maven-3.9.10\mvn_repo\org\springframework\boot\spring-boot-starter-test\3.4.7\spring-boot-starter-test-3.4.7.jar;E:\devApp\apache-maven-3.9.10\mvn_repo\org\springframework\boot\spring-boot-test\3.4.7\spring-boot-test-3.4.7.jar;E:\devApp\apache-maven-3.9.10\mvn_repo\org\springframework\boot\spring-boot-test-autoconfigure\3.4.7\spring-boot-test-autoconfigure-3.4.7.jar;E:\devApp\apache-maven-3.9.10\mvn_repo\com\jayway\jsonpath\json-path\2.9.0\json-path-2.9.0.jar;E:\devApp\apache-maven-3.9.10\mvn_repo\net\minidev\json-smart\2.5.2\json-smart-2.5.2.jar;E:\devApp\apache-maven-3.9.10\mvn_repo\net\minidev\accessors-smart\2.5.2\accessors-smart-2.5.2.jar;E:\devApp\apache-maven-3.9.10\mvn_repo\org\ow2\asm\asm\9.7.1\asm-9.7.1.jar;E:\devApp\apache-maven-3.9.10\mvn_repo\org\assertj\assertj-core\3.26.3\assertj-core-3.26.3.jar;E:\devApp\apache-maven-3.9.10\mvn_repo\net\bytebuddy\byte-buddy\1.15.11\byte-buddy-1.15.11.jar;E:\devApp\apache-maven-3.9.10\mvn_repo\org\awaitility\awaitility\4.2.2\awaitility-4.2.2.jar;E:\devApp\apache-maven-3.9.10\mvn_repo\org\hamcrest\hamcrest\2.2\hamcrest-2.2.jar;E:\devApp\apache-maven-3.9.10\mvn_repo\org\junit\jupiter\junit-jupiter\5.11.4\junit-jupiter-5.11.4.jar;E:\devApp\apache-maven-3.9.10\mvn_repo\org\junit\jupiter\junit-jupiter-api\5.11.4\junit-jupiter-api-5.11.4.jar;E:\devApp\apache-maven-3.9.10\mvn_repo\org\opentest4j\opentest4j\1.3.0\opentest4j-1.3.0.jar;E:\devApp\apache-maven-3.9.10\mvn_repo\org\junit\platform\junit-platform-commons\1.11.4\junit-platform-commons-1.11.4.jar;E:\devApp\apache-maven-3.9.10\mvn_repo\org\apiguardian\apiguardian-api\1.1.2\apiguardian-api-1.1.2.jar;E:\devApp\apache-maven-3.9.10\mvn_repo\org\junit\jupiter\junit-jupiter-params\5.11.4\junit-jupiter-params-5.11.4.jar;E:\devApp\apache-maven-3.9.10\mvn_repo\org\junit\jupiter\junit-jupiter-engine\5.11.4\junit-jupiter-engine-5.11.4.jar;E:\devApp\apache-maven-3.9.10\mvn_repo\org\junit\platform\junit-platform-engine\1.11.4\junit-platform-engine-1.11.4.jar;E:\devApp\apache-maven-3.9.10\mvn_repo\org\mockito\mockito-core\5.14.2\mockito-core-5.14.2.jar;E:\devApp\apache-maven-3.9.10\mvn_repo\net\bytebuddy\byte-buddy-agent\1.15.11\byte-buddy-agent-1.15.11.jar;E:\devApp\apache-maven-3.9.10\mvn_repo\org\objenesis\objenesis\3.3\objenesis-3.3.jar;E:\devApp\apache-maven-3.9.10\mvn_repo\org\mockito\mockito-junit-jupiter\5.14.2\mockito-junit-jupiter-5.14.2.jar;E:\devApp\apache-maven-3.9.10\mvn_repo\org\skyscreamer\jsonassert\1.5.3\jsonassert-1.5.3.jar;E:\devApp\apache-maven-3.9.10\mvn_repo\com\vaadin\external\google\android-json\0.0.20131108.vaadin1\android-json-0.0.20131108.vaadin1.jar;E:\devApp\apache-maven-3.9.10\mvn_repo\org\springframework\spring-core\6.2.8\spring-core-6.2.8.jar;E:\devApp\apache-maven-3.9.10\mvn_repo\org\springframework\spring-jcl\6.2.8\spring-jcl-6.2.8.jar;E:\devApp\apache-maven-3.9.10\mvn_repo\org\springframework\spring-test\6.2.8\spring-test-6.2.8.jar;E:\devApp\apache-maven-3.9.10\mvn_repo\org\xmlunit\xmlunit-core\2.10.2\xmlunit-core-2.10.2.jar;E:\devApp\apache-maven-3.9.10\mvn_repo\org\mybatis\spring\boot\mybatis-spring-boot-starter-test\3.0.4\mybatis-spring-boot-starter-test-3.0.4.jar;E:\devApp\apache-maven-3.9.10\mvn_repo\org\mybatis\spring\boot\mybatis-spring-boot-test-autoconfigure\3.0.4\mybatis-spring-boot-test-autoconfigure-3.0.4.jar;E:\devApp\apache-maven-3.9.10\mvn_repo\org\springframework\spring-tx\6.2.8\spring-tx-6.2.8.jar;E:\devApp\apache-maven-3.9.10\mvn_repo\junit\junit\4.13.2\junit-4.13.2.jar;E:\devApp\apache-maven-3.9.10\mvn_repo\org\hamcrest\hamcrest-core\2.2\hamcrest-core-2.2.jar;"/>
    <property name="java.vm.vendor" value="Oracle Corporation"/>
    <property name="sun.arch.data.model" value="64"/>
    <property name="user.variant" value=""/>
    <property name="java.vendor.url" value="https://java.oracle.com/"/>
    <property name="user.timezone" value="Asia/Shanghai"/>
    <property name="os.name" value="Windows 11"/>
    <property name="java.vm.specification.version" value="21"/>
    <property name="sun.java.launcher" value="SUN_STANDARD"/>
    <property name="user.country" value="CN"/>
    <property name="sun.boot.library.path" value="C:\Program Files\Java\jdk-21\bin"/>
    <property name="sun.java.command" value="C:\Users\18160\AppData\Local\Temp\surefire6214932079465349455\surefirebooter-20250713180905081_3.jar C:\Users\18160\AppData\Local\Temp\surefire6214932079465349455 2025-07-13T18-09-04_948-jvmRun1 surefire-20250713180905081_1tmp surefire_0-20250713180905081_2tmp"/>
    <property name="jdk.debug" value="release"/>
    <property name="surefire.test.class.path" value="C:\Users\18160\Desktop\management\target\test-classes;C:\Users\18160\Desktop\management\target\classes;E:\devApp\apache-maven-3.9.10\mvn_repo\org\springframework\boot\spring-boot-starter-aop\3.4.7\spring-boot-starter-aop-3.4.7.jar;E:\devApp\apache-maven-3.9.10\mvn_repo\org\springframework\boot\spring-boot-starter\3.4.7\spring-boot-starter-3.4.7.jar;E:\devApp\apache-maven-3.9.10\mvn_repo\org\springframework\boot\spring-boot\3.4.7\spring-boot-3.4.7.jar;E:\devApp\apache-maven-3.9.10\mvn_repo\org\springframework\boot\spring-boot-autoconfigure\3.4.7\spring-boot-autoconfigure-3.4.7.jar;E:\devApp\apache-maven-3.9.10\mvn_repo\org\springframework\boot\spring-boot-starter-logging\3.4.7\spring-boot-starter-logging-3.4.7.jar;E:\devApp\apache-maven-3.9.10\mvn_repo\ch\qos\logback\logback-classic\1.5.18\logback-classic-1.5.18.jar;E:\devApp\apache-maven-3.9.10\mvn_repo\ch\qos\logback\logback-core\1.5.18\logback-core-1.5.18.jar;E:\devApp\apache-maven-3.9.10\mvn_repo\org\apache\logging\log4j\log4j-to-slf4j\2.24.3\log4j-to-slf4j-2.24.3.jar;E:\devApp\apache-maven-3.9.10\mvn_repo\org\apache\logging\log4j\log4j-api\2.24.3\log4j-api-2.24.3.jar;E:\devApp\apache-maven-3.9.10\mvn_repo\org\slf4j\jul-to-slf4j\2.0.17\jul-to-slf4j-2.0.17.jar;E:\devApp\apache-maven-3.9.10\mvn_repo\jakarta\annotation\jakarta.annotation-api\2.1.1\jakarta.annotation-api-2.1.1.jar;E:\devApp\apache-maven-3.9.10\mvn_repo\org\yaml\snakeyaml\2.3\snakeyaml-2.3.jar;E:\devApp\apache-maven-3.9.10\mvn_repo\org\springframework\spring-aop\6.2.8\spring-aop-6.2.8.jar;E:\devApp\apache-maven-3.9.10\mvn_repo\org\springframework\spring-beans\6.2.8\spring-beans-6.2.8.jar;E:\devApp\apache-maven-3.9.10\mvn_repo\org\aspectj\aspectjweaver\1.9.24\aspectjweaver-1.9.24.jar;E:\devApp\apache-maven-3.9.10\mvn_repo\io\jsonwebtoken\jjwt\0.9.1\jjwt-0.9.1.jar;E:\devApp\apache-maven-3.9.10\mvn_repo\com\fasterxml\jackson\core\jackson-databind\2.18.4\jackson-databind-2.18.4.jar;E:\devApp\apache-maven-3.9.10\mvn_repo\com\fasterxml\jackson\core\jackson-annotations\2.18.4\jackson-annotations-2.18.4.jar;E:\devApp\apache-maven-3.9.10\mvn_repo\com\fasterxml\jackson\core\jackson-core\2.18.4.1\jackson-core-2.18.4.1.jar;E:\devApp\apache-maven-3.9.10\mvn_repo\com\aliyun\oss\aliyun-sdk-oss\3.17.4\aliyun-sdk-oss-3.17.4.jar;E:\devApp\apache-maven-3.9.10\mvn_repo\org\apache\httpcomponents\httpclient\4.5.13\httpclient-4.5.13.jar;E:\devApp\apache-maven-3.9.10\mvn_repo\org\apache\httpcomponents\httpcore\4.4.16\httpcore-4.4.16.jar;E:\devApp\apache-maven-3.9.10\mvn_repo\commons-logging\commons-logging\1.2\commons-logging-1.2.jar;E:\devApp\apache-maven-3.9.10\mvn_repo\commons-codec\commons-codec\1.17.2\commons-codec-1.17.2.jar;E:\devApp\apache-maven-3.9.10\mvn_repo\org\jdom\jdom2\2.0.6.1\jdom2-2.0.6.1.jar;E:\devApp\apache-maven-3.9.10\mvn_repo\org\codehaus\jettison\jettison\1.5.4\jettison-1.5.4.jar;E:\devApp\apache-maven-3.9.10\mvn_repo\com\aliyun\aliyun-java-sdk-core\4.5.10\aliyun-java-sdk-core-4.5.10.jar;E:\devApp\apache-maven-3.9.10\mvn_repo\com\google\code\gson\gson\2.11.0\gson-2.11.0.jar;E:\devApp\apache-maven-3.9.10\mvn_repo\com\google\errorprone\error_prone_annotations\2.27.0\error_prone_annotations-2.27.0.jar;E:\devApp\apache-maven-3.9.10\mvn_repo\org\jacoco\org.jacoco.agent\0.8.5\org.jacoco.agent-0.8.5-runtime.jar;E:\devApp\apache-maven-3.9.10\mvn_repo\org\ini4j\ini4j\0.5.4\ini4j-0.5.4.jar;E:\devApp\apache-maven-3.9.10\mvn_repo\org\slf4j\slf4j-api\2.0.17\slf4j-api-2.0.17.jar;E:\devApp\apache-maven-3.9.10\mvn_repo\io\opentracing\opentracing-api\0.33.0\opentracing-api-0.33.0.jar;E:\devApp\apache-maven-3.9.10\mvn_repo\io\opentracing\opentracing-util\0.33.0\opentracing-util-0.33.0.jar;E:\devApp\apache-maven-3.9.10\mvn_repo\io\opentracing\opentracing-noop\0.33.0\opentracing-noop-0.33.0.jar;E:\devApp\apache-maven-3.9.10\mvn_repo\com\aliyun\aliyun-java-sdk-ram\3.1.0\aliyun-java-sdk-ram-3.1.0.jar;E:\devApp\apache-maven-3.9.10\mvn_repo\com\aliyun\aliyun-java-sdk-kms\2.11.0\aliyun-java-sdk-kms-2.11.0.jar;E:\devApp\apache-maven-3.9.10\mvn_repo\javax\xml\bind\jaxb-api\2.3.1\jaxb-api-2.3.1.jar;E:\devApp\apache-maven-3.9.10\mvn_repo\javax\activation\javax.activation-api\1.2.0\javax.activation-api-1.2.0.jar;E:\devApp\apache-maven-3.9.10\mvn_repo\javax\activation\activation\1.1.1\activation-1.1.1.jar;E:\devApp\apache-maven-3.9.10\mvn_repo\org\glassfish\jaxb\jaxb-runtime\2.3.3\jaxb-runtime-2.3.3.jar;E:\devApp\apache-maven-3.9.10\mvn_repo\jakarta\xml\bind\jakarta.xml.bind-api\4.0.2\jakarta.xml.bind-api-4.0.2.jar;E:\devApp\apache-maven-3.9.10\mvn_repo\org\glassfish\jaxb\txw2\4.0.5\txw2-4.0.5.jar;E:\devApp\apache-maven-3.9.10\mvn_repo\com\sun\istack\istack-commons-runtime\4.1.2\istack-commons-runtime-4.1.2.jar;E:\devApp\apache-maven-3.9.10\mvn_repo\com\sun\activation\jakarta.activation\1.2.2\jakarta.activation-1.2.2.jar;E:\devApp\apache-maven-3.9.10\mvn_repo\com\github\pagehelper\pagehelper-spring-boot-starter\1.4.7\pagehelper-spring-boot-starter-1.4.7.jar;E:\devApp\apache-maven-3.9.10\mvn_repo\com\github\pagehelper\pagehelper-spring-boot-autoconfigure\1.4.7\pagehelper-spring-boot-autoconfigure-1.4.7.jar;E:\devApp\apache-maven-3.9.10\mvn_repo\com\github\pagehelper\pagehelper\5.3.3\pagehelper-5.3.3.jar;E:\devApp\apache-maven-3.9.10\mvn_repo\com\github\jsqlparser\jsqlparser\4.5\jsqlparser-4.5.jar;E:\devApp\apache-maven-3.9.10\mvn_repo\org\springframework\boot\spring-boot-starter-web\3.4.7\spring-boot-starter-web-3.4.7.jar;E:\devApp\apache-maven-3.9.10\mvn_repo\org\springframework\boot\spring-boot-starter-json\3.4.7\spring-boot-starter-json-3.4.7.jar;E:\devApp\apache-maven-3.9.10\mvn_repo\com\fasterxml\jackson\datatype\jackson-datatype-jdk8\2.18.4\jackson-datatype-jdk8-2.18.4.jar;E:\devApp\apache-maven-3.9.10\mvn_repo\com\fasterxml\jackson\datatype\jackson-datatype-jsr310\2.18.4\jackson-datatype-jsr310-2.18.4.jar;E:\devApp\apache-maven-3.9.10\mvn_repo\com\fasterxml\jackson\module\jackson-module-parameter-names\2.18.4\jackson-module-parameter-names-2.18.4.jar;E:\devApp\apache-maven-3.9.10\mvn_repo\org\springframework\boot\spring-boot-starter-tomcat\3.4.7\spring-boot-starter-tomcat-3.4.7.jar;E:\devApp\apache-maven-3.9.10\mvn_repo\org\apache\tomcat\embed\tomcat-embed-core\10.1.42\tomcat-embed-core-10.1.42.jar;E:\devApp\apache-maven-3.9.10\mvn_repo\org\apache\tomcat\embed\tomcat-embed-el\10.1.42\tomcat-embed-el-10.1.42.jar;E:\devApp\apache-maven-3.9.10\mvn_repo\org\apache\tomcat\embed\tomcat-embed-websocket\10.1.42\tomcat-embed-websocket-10.1.42.jar;E:\devApp\apache-maven-3.9.10\mvn_repo\org\springframework\spring-web\6.2.8\spring-web-6.2.8.jar;E:\devApp\apache-maven-3.9.10\mvn_repo\io\micrometer\micrometer-observation\1.14.8\micrometer-observation-1.14.8.jar;E:\devApp\apache-maven-3.9.10\mvn_repo\io\micrometer\micrometer-commons\1.14.8\micrometer-commons-1.14.8.jar;E:\devApp\apache-maven-3.9.10\mvn_repo\org\springframework\spring-webmvc\6.2.8\spring-webmvc-6.2.8.jar;E:\devApp\apache-maven-3.9.10\mvn_repo\org\springframework\spring-context\6.2.8\spring-context-6.2.8.jar;E:\devApp\apache-maven-3.9.10\mvn_repo\org\springframework\spring-expression\6.2.8\spring-expression-6.2.8.jar;E:\devApp\apache-maven-3.9.10\mvn_repo\org\mybatis\spring\boot\mybatis-spring-boot-starter\3.0.4\mybatis-spring-boot-starter-3.0.4.jar;E:\devApp\apache-maven-3.9.10\mvn_repo\org\springframework\boot\spring-boot-starter-jdbc\3.4.7\spring-boot-starter-jdbc-3.4.7.jar;E:\devApp\apache-maven-3.9.10\mvn_repo\com\zaxxer\HikariCP\5.1.0\HikariCP-5.1.0.jar;E:\devApp\apache-maven-3.9.10\mvn_repo\org\springframework\spring-jdbc\6.2.8\spring-jdbc-6.2.8.jar;E:\devApp\apache-maven-3.9.10\mvn_repo\org\mybatis\spring\boot\mybatis-spring-boot-autoconfigure\3.0.4\mybatis-spring-boot-autoconfigure-3.0.4.jar;E:\devApp\apache-maven-3.9.10\mvn_repo\org\mybatis\mybatis\3.5.17\mybatis-3.5.17.jar;E:\devApp\apache-maven-3.9.10\mvn_repo\org\mybatis\mybatis-spring\3.0.4\mybatis-spring-3.0.4.jar;E:\devApp\apache-maven-3.9.10\mvn_repo\com\mysql\mysql-connector-j\9.1.0\mysql-connector-j-9.1.0.jar;E:\devApp\apache-maven-3.9.10\mvn_repo\org\projectlombok\lombok\1.18.38\lombok-1.18.38.jar;E:\devApp\apache-maven-3.9.10\mvn_repo\org\springframework\boot\spring-boot-starter-test\3.4.7\spring-boot-starter-test-3.4.7.jar;E:\devApp\apache-maven-3.9.10\mvn_repo\org\springframework\boot\spring-boot-test\3.4.7\spring-boot-test-3.4.7.jar;E:\devApp\apache-maven-3.9.10\mvn_repo\org\springframework\boot\spring-boot-test-autoconfigure\3.4.7\spring-boot-test-autoconfigure-3.4.7.jar;E:\devApp\apache-maven-3.9.10\mvn_repo\com\jayway\jsonpath\json-path\2.9.0\json-path-2.9.0.jar;E:\devApp\apache-maven-3.9.10\mvn_repo\net\minidev\json-smart\2.5.2\json-smart-2.5.2.jar;E:\devApp\apache-maven-3.9.10\mvn_repo\net\minidev\accessors-smart\2.5.2\accessors-smart-2.5.2.jar;E:\devApp\apache-maven-3.9.10\mvn_repo\org\ow2\asm\asm\9.7.1\asm-9.7.1.jar;E:\devApp\apache-maven-3.9.10\mvn_repo\org\assertj\assertj-core\3.26.3\assertj-core-3.26.3.jar;E:\devApp\apache-maven-3.9.10\mvn_repo\net\bytebuddy\byte-buddy\1.15.11\byte-buddy-1.15.11.jar;E:\devApp\apache-maven-3.9.10\mvn_repo\org\awaitility\awaitility\4.2.2\awaitility-4.2.2.jar;E:\devApp\apache-maven-3.9.10\mvn_repo\org\hamcrest\hamcrest\2.2\hamcrest-2.2.jar;E:\devApp\apache-maven-3.9.10\mvn_repo\org\junit\jupiter\junit-jupiter\5.11.4\junit-jupiter-5.11.4.jar;E:\devApp\apache-maven-3.9.10\mvn_repo\org\junit\jupiter\junit-jupiter-api\5.11.4\junit-jupiter-api-5.11.4.jar;E:\devApp\apache-maven-3.9.10\mvn_repo\org\opentest4j\opentest4j\1.3.0\opentest4j-1.3.0.jar;E:\devApp\apache-maven-3.9.10\mvn_repo\org\junit\platform\junit-platform-commons\1.11.4\junit-platform-commons-1.11.4.jar;E:\devApp\apache-maven-3.9.10\mvn_repo\org\apiguardian\apiguardian-api\1.1.2\apiguardian-api-1.1.2.jar;E:\devApp\apache-maven-3.9.10\mvn_repo\org\junit\jupiter\junit-jupiter-params\5.11.4\junit-jupiter-params-5.11.4.jar;E:\devApp\apache-maven-3.9.10\mvn_repo\org\junit\jupiter\junit-jupiter-engine\5.11.4\junit-jupiter-engine-5.11.4.jar;E:\devApp\apache-maven-3.9.10\mvn_repo\org\junit\platform\junit-platform-engine\1.11.4\junit-platform-engine-1.11.4.jar;E:\devApp\apache-maven-3.9.10\mvn_repo\org\mockito\mockito-core\5.14.2\mockito-core-5.14.2.jar;E:\devApp\apache-maven-3.9.10\mvn_repo\net\bytebuddy\byte-buddy-agent\1.15.11\byte-buddy-agent-1.15.11.jar;E:\devApp\apache-maven-3.9.10\mvn_repo\org\objenesis\objenesis\3.3\objenesis-3.3.jar;E:\devApp\apache-maven-3.9.10\mvn_repo\org\mockito\mockito-junit-jupiter\5.14.2\mockito-junit-jupiter-5.14.2.jar;E:\devApp\apache-maven-3.9.10\mvn_repo\org\skyscreamer\jsonassert\1.5.3\jsonassert-1.5.3.jar;E:\devApp\apache-maven-3.9.10\mvn_repo\com\vaadin\external\google\android-json\0.0.20131108.vaadin1\android-json-0.0.20131108.vaadin1.jar;E:\devApp\apache-maven-3.9.10\mvn_repo\org\springframework\spring-core\6.2.8\spring-core-6.2.8.jar;E:\devApp\apache-maven-3.9.10\mvn_repo\org\springframework\spring-jcl\6.2.8\spring-jcl-6.2.8.jar;E:\devApp\apache-maven-3.9.10\mvn_repo\org\springframework\spring-test\6.2.8\spring-test-6.2.8.jar;E:\devApp\apache-maven-3.9.10\mvn_repo\org\xmlunit\xmlunit-core\2.10.2\xmlunit-core-2.10.2.jar;E:\devApp\apache-maven-3.9.10\mvn_repo\org\mybatis\spring\boot\mybatis-spring-boot-starter-test\3.0.4\mybatis-spring-boot-starter-test-3.0.4.jar;E:\devApp\apache-maven-3.9.10\mvn_repo\org\mybatis\spring\boot\mybatis-spring-boot-test-autoconfigure\3.0.4\mybatis-spring-boot-test-autoconfigure-3.0.4.jar;E:\devApp\apache-maven-3.9.10\mvn_repo\org\springframework\spring-tx\6.2.8\spring-tx-6.2.8.jar;E:\devApp\apache-maven-3.9.10\mvn_repo\junit\junit\4.13.2\junit-4.13.2.jar;E:\devApp\apache-maven-3.9.10\mvn_repo\org\hamcrest\hamcrest-core\2.2\hamcrest-core-2.2.jar;"/>
    <property name="sun.cpu.endian" value="little"/>
    <property name="user.home" value="C:\Users\18160"/>
    <property name="user.language" value="zh"/>
    <property name="java.specification.vendor" value="Oracle Corporation"/>
    <property name="java.version.date" value="2025-04-15"/>
    <property name="java.home" value="C:\Program Files\Java\jdk-21"/>
    <property name="file.separator" value="\"/>
    <property name="basedir" value="C:\Users\18160\Desktop\management"/>
    <property name="java.vm.compressedOopsMode" value="Zero based"/>
    <property name="line.separator" value="&#10;"/>
    <property name="java.vm.specification.vendor" value="Oracle Corporation"/>
    <property name="java.specification.name" value="Java Platform API Specification"/>
    <property name="surefire.real.class.path" value="C:\Users\18160\AppData\Local\Temp\surefire6214932079465349455\surefirebooter-20250713180905081_3.jar"/>
    <property name="user.script" value=""/>
    <property name="sun.management.compiler" value="HotSpot 64-Bit Tiered Compilers"/>
    <property name="java.runtime.version" value="21.0.7+8-LTS-245"/>
    <property name="user.name" value="18160"/>
    <property name="stdout.encoding" value="GBK"/>
    <property name="path.separator" value=";"/>
    <property name="os.version" value="10.0"/>
    <property name="java.runtime.name" value="Java(TM) SE Runtime Environment"/>
    <property name="file.encoding" value="UTF-8"/>
    <property name="java.vm.name" value="Java HotSpot(TM) 64-Bit Server VM"/>
    <property name="localRepository" value="E:\devApp\apache-maven-3.9.10\mvn_repo"/>
    <property name="java.vendor.url.bug" value="https://bugreport.java.com/bugreport/"/>
    <property name="java.io.tmpdir" value="C:\Users\18160\AppData\Local\Temp\"/>
    <property name="idea.version" value="2023.3.4"/>
    <property name="java.version" value="21.0.7"/>
    <property name="user.dir" value="C:\Users\18160\Desktop\management"/>
    <property name="os.arch" value="amd64"/>
    <property name="java.vm.specification.name" value="Java Virtual Machine Specification"/>
    <property name="sun.os.patch.level" value=""/>
    <property name="native.encoding" value="GBK"/>
    <property name="java.library.path" value="C:\Program Files\Java\jdk-21\bin;C:\Windows\Sun\Java\bin;C:\Windows\system32;C:\Windows;C:\Program Files\Common Files\Oracle\Java\javapath;C:\Windows\system32;C:\Windows;C:\Windows\System32\Wbem;C:\Windows\System32\WindowsPowerShell\v1.0\;C:\Windows\System32\OpenSSH\;C:\ProgramData\chocolatey\bin;C:\Program Files\dotnet\;E:\devApp\apache-maven-3.9.10\bin;C:\Program Files\Java\jdk-21\bin;E:\myApp\ffmpeg-7.1-essentials_build\bin;E:\devApp\Redis-x64-3.0.504;E:\devApp\ADB;E:\devApp\cmake-3.28.1-windows-x86_64\bin;C:\Users\18160\AppData\Roaming\nvm\v18.20.8;E:\devApp\Node.js;E:\devApp\Node.js\global_modules;E:\devApp\git\bin;C:\Program Files\MySQL\MySQL Shell 8.0\bin\;C:\Users\18160\AppData\Local\Programs\Python\Python313\Scripts\;C:\Users\18160\AppData\Local\Programs\Python\Python313\;C:\Users\18160\AppData\Local\Microsoft\WindowsApps;E:\devApp\Microsoft VS Code\bin;E:\devApp\PyCharm 2024.1.7\bin;C:\Users\18160\AppData\Roaming\npm;E:\devApp\DataGrip 2024.1.5\bin;;."/>
    <property name="java.vm.info" value="mixed mode, sharing"/>
    <property name="stderr.encoding" value="GBK"/>
    <property name="java.vendor" value="Oracle Corporation"/>
    <property name="java.vm.version" value="21.0.7+8-LTS-245"/>
    <property name="sun.io.unicode.encoding" value="UnicodeLittle"/>
    <property name="maven.repo.local" value="E:\devApp\apache-maven-3.9.10\mvn_repo"/>
    <property name="java.class.version" value="65.0"/>
  </properties>
  <testcase name="testLog" classname="com.kaka.LogTest" time="0.02">
    <system-out><![CDATA[2025-07-13 18:09:05.830 [main] INFO  com.kaka.LogTest-计算结果为: 101!!!
]]></system-out>
  </testcase>
</testsuite>